Not using distributed mode
2026-04-30 10:25:52 INFO     job dir: /mnt/apple/k66/minhdd/flow-matching-main
2026-04-30 10:25:52 INFO     Namespace(batch_size=4,
epochs=50,
accum_iter=8,
lr=0.0001,
optimizer_betas=[0.9,
0.95],
decay_lr=False,
class_drop_prob=0.15,
lr_scheduler='cosine',
min_lr=1e-06,
warmup_epochs=0,
skewed_timesteps=False,
edm_schedule=False,
use_ema=True,
dataset='brats',
data_path='/mnt/apple/k66/minhdd/data/brats2021',
output_dir='./output_brats',
num_samples=100,
image_size=256,
ode_method='midpoint',
ode_options={'step_size': 0.01},
sym=0.0,
temp=1.0,
sym_func=False,
sampling_dtype='float32',
precision='bf16',
cfg_scale=3.0,
fid_samples=50,
device='cuda',
seed=0,
resume='',
start_epoch=0,
eval_only=False,
eval_frequency=10,
compute_fid=False,
save_fid_samples=False,
num_workers=6,
pin_mem=True,
world_size=1,
local_rank=-1,
dist_on_itp=False,
dist_url='env://',
test_run=False,
discrete_flow_matching=False,
discrete_fm_steps=1024,
healthy_only=False,
use_preprocessed=True,
distributed=False)
2026-04-30 10:25:52 INFO     Saving args to output_brats/args.json
2026-04-30 10:25:52 INFO     Initializing Dataset: brats
BraTSPreprocessedDataset [train|healthy_only=False]: 1000 cases — 49000 slices loaded  (split seed=42)
BraTSPreprocessedDataset [val|healthy_only=False]: 251 cases — 12299 slices loaded  (split seed=42)
2026-04-30 10:25:52 INFO     <datasets.brats.BraTSPreprocessedDataset object at 0x7f2307d30310>
2026-04-30 10:25:52 INFO     Intializing DataLoader
2026-04-30 10:25:52 INFO     <torch.utils.data.distributed.DistributedSampler object at 0x7f235163f0d0>
2026-04-30 10:25:52 INFO     Initializing Model
2026-04-30 10:25:52 INFO     EMA(
  (model): UNetModel(in_channels=4, model_channels=64, out_channels=4, num_res_blocks=3, attention_resolutions=[4, 8], dropout=0.1, channel_mult=[1, 2, 4, 4], conv_resample=True, dims=2, num_classes=2, use_checkpoint=True, num_heads=-1, num_head_channels=64, num_heads_upsample=-1, use_scale_shift_norm=True, resblock_updown=True, use_new_attention_order=True, with_fourier_features=False, ignore_time=False, input_projection=True, image_size=-1, _target_='lib.models.gd_unet.UNetModel')
  (shadow_params): ParameterList(
      (0): Parameter containing: [torch.float32 of size 256x64 (cuda:0)]
      (1): Parameter containing: [torch.float32 of size 256 (cuda:0)]
      (2): Parameter containing: [torch.float32 of size 256x256 (cuda:0)]
      (3): Parameter containing: [torch.float32 of size 256 (cuda:0)]
      (4): Parameter containing: [torch.float32 of size 3x256 (cuda:0)]
      (5): Parameter containing: [torch.float32 of size 64x4x3x3 (cuda:0)]
      (6): Parameter containing: [torch.float32 of size 64 (cuda:0)]
      (7): Parameter containing: [torch.float32 of size 64 (cuda:0)]
      (8): Parameter containing: [torch.float32 of size 64 (cuda:0)]
      (9): Parameter containing: [torch.float32 of size 64x64x3x3 (cuda:0)]
      (10): Parameter containing: [torch.float32 of size 64 (cuda:0)]
      (11): Parameter containing: [torch.float32 of size 128x256 (cuda:0)]
      (12): Parameter containing: [torch.float32 of size 128 (cuda:0)]
      (13): Parameter containing: [torch.float32 of size 64 (cuda:0)]
      (14): Parameter containing: [torch.float32 of size 64 (cuda:0)]
      (15): Parameter containing: [torch.float32 of size 64x64x3x3 (cuda:0)]
      (16): Parameter containing: [torch.float32 of size 64 (cuda:0)]
      (17): Parameter containing: [torch.float32 of size 64 (cuda:0)]
      (18): Parameter containing: [torch.float32 of size 64 (cuda:0)]
      (19): Parameter containing: [torch.float32 of size 64x64x3x3 (cuda:0)]
      (20): Parameter containing: [torch.float32 of size 64 (cuda:0)]
      (21): Parameter containing: [torch.float32 of size 128x256 (cuda:0)]
      (22): Parameter containing: [torch.float32 of size 128 (cuda:0)]
      (23): Parameter containing: [torch.float32 of size 64 (cuda:0)]
      (24): Parameter containing: [torch.float32 of size 64 (cuda:0)]
      (25): Parameter containing: [torch.float32 of size 64x64x3x3 (cuda:0)]
      (26): Parameter containing: [torch.float32 of size 64 (cuda:0)]
      (27): Parameter containing: [torch.float32 of size 64 (cuda:0)]
      (28): Parameter containing: [torch.float32 of size 64 (cuda:0)]
      (29): Parameter containing: [torch.float32 of size 64x64x3x3 (cuda:0)]
      (30): Parameter containing: [torch.float32 of size 64 (cuda:0)]
      (31): Parameter containing: [torch.float32 of size 128x256 (cuda:0)]
      (32): Parameter containing: [torch.float32 of size 128 (cuda:0)]
      (33): Parameter containing: [torch.float32 of size 64 (cuda:0)]
      (34): Parameter containing: [torch.float32 of size 64 (cuda:0)]
      (35): Parameter containing: [torch.float32 of size 64x64x3x3 (cuda:0)]
      (36): Parameter containing: [torch.float32 of size 64 (cuda:0)]
      (37): Parameter containing: [torch.float32 of size 64 (cuda:0)]
      (38): Parameter containing: [torch.float32 of size 64 (cuda:0)]
      (39): Parameter containing: [torch.float32 of size 64x64x3x3 (cuda:0)]
      (40): Parameter containing: [torch.float32 of size 64 (cuda:0)]
      (41): Parameter containing: [torch.float32 of size 128x256 (cuda:0)]
      (42): Parameter containing: [torch.float32 of size 128 (cuda:0)]
      (43): Parameter containing: [torch.float32 of size 64 (cuda:0)]
      (44): Parameter containing: [torch.float32 of size 64 (cuda:0)]
      (45): Parameter containing: [torch.float32 of size 64x64x3x3 (cuda:0)]
      (46): Parameter containing: [torch.float32 of size 64 (cuda:0)]
      (47): Parameter containing: [torch.float32 of size 64 (cuda:0)]
      (48): Parameter containing: [torch.float32 of size 64 (cuda:0)]
      (49): Parameter containing: [torch.float32 of size 128x64x3x3 (cuda:0)]
      (50): Parameter containing: [torch.float32 of size 128 (cuda:0)]
      (51): Parameter containing: [torch.float32 of size 256x256 (cuda:0)]
      (52): Parameter containing: [torch.float32 of size 256 (cuda:0)]
      (53): Parameter containing: [torch.float32 of size 128 (cuda:0)]
      (54): Parameter containing: [torch.float32 of size 128 (cuda:0)]
      (55): Parameter containing: [torch.float32 of size 128x128x3x3 (cuda:0)]
      (56): Parameter containing: [torch.float32 of size 128 (cuda:0)]
      (57): Parameter containing: [torch.float32 of size 128x64x1x1 (cuda:0)]
      (58): Parameter containing: [torch.float32 of size 128 (cuda:0)]
      (59): Parameter containing: [torch.float32 of size 128 (cuda:0)]
      (60): Parameter containing: [torch.float32 of size 128 (cuda:0)]
      (61): Parameter containing: [torch.float32 of size 128x128x3x3 (cuda:0)]
      (62): Parameter containing: [torch.float32 of size 128 (cuda:0)]
      (63): Parameter containing: [torch.float32 of size 256x256 (cuda:0)]
      (64): Parameter containing: [torch.float32 of size 256 (cuda:0)]
      (65): Parameter containing: [torch.float32 of size 128 (cuda:0)]
      (66): Parameter containing: [torch.float32 of size 128 (cuda:0)]
      (67): Parameter containing: [torch.float32 of size 128x128x3x3 (cuda:0)]
      (68): Parameter containing: [torch.float32 of size 128 (cuda:0)]
      (69): Parameter containing: [torch.float32 of size 128 (cuda:0)]
      (70): Parameter containing: [torch.float32 of size 128 (cuda:0)]
      (71): Parameter containing: [torch.float32 of size 128x128x3x3 (cuda:0)]
      (72): Parameter containing: [torch.float32 of size 128 (cuda:0)]
      (73): Parameter containing: [torch.float32 of size 256x256 (cuda:0)]
      (74): Parameter containing: [torch.float32 of size 256 (cuda:0)]
      (75): Parameter containing: [torch.float32 of size 128 (cuda:0)]
      (76): Parameter containing: [torch.float32 of size 128 (cuda:0)]
      (77): Parameter containing: [torch.float32 of size 128x128x3x3 (cuda:0)]
      (78): Parameter containing: [torch.float32 of size 128 (cuda:0)]
      (79): Parameter containing: [torch.float32 of size 128 (cuda:0)]
      (80): Parameter containing: [torch.float32 of size 128 (cuda:0)]
      (81): Parameter containing: [torch.float32 of size 128x128x3x3 (cuda:0)]
      (82): Parameter containing: [torch.float32 of size 128 (cuda:0)]
      (83): Parameter containing: [torch.float32 of size 256x256 (cuda:0)]
      (84): Parameter containing: [torch.float32 of size 256 (cuda:0)]
      (85): Parameter containing: [torch.float32 of size 128 (cuda:0)]
      (86): Parameter containing: [torch.float32 of size 128 (cuda:0)]
      (87): Parameter containing: [torch.float32 of size 128x128x3x3 (cuda:0)]
      (88): Parameter containing: [torch.float32 of size 128 (cuda:0)]
      (89): Parameter containing: [torch.float32 of size 128 (cuda:0)]
      (90): Parameter containing: [torch.float32 of size 128 (cuda:0)]
      (91): Parameter containing: [torch.float32 of size 256x128x3x3 (cuda:0)]
      (92): Parameter containing: [torch.float32 of size 256 (cuda:0)]
      (93): Parameter containing: [torch.float32 of size 512x256 (cuda:0)]
      (94): Parameter containing: [torch.float32 of size 512 (cuda:0)]
      (95): Parameter containing: [torch.float32 of size 256 (cuda:0)]
      (96): Parameter containing: [torch.float32 of size 256 (cuda:0)]
      (97): Parameter containing: [torch.float32 of size 256x256x3x3 (cuda:0)]
      (98): Parameter containing: [torch.float32 of size 256 (cuda:0)]
      (99): Parameter containing: [torch.float32 of size 256x128x1x1 (cuda:0)]
      (100): Parameter containing: [torch.float32 of size 256 (cuda:0)]
      (101): Parameter containing: [torch.float32 of size 256 (cuda:0)]
      (102): Parameter containing: [torch.float32 of size 256 (cuda:0)]
      (103): Parameter containing: [torch.float32 of size 768x256x1 (cuda:0)]
      (104): Parameter containing: [torch.float32 of size 768 (cuda:0)]
      (105): Parameter containing: [torch.float32 of size 256x256x1 (cuda:0)]
      (106): Parameter containing: [torch.float32 of size 256 (cuda:0)]
      (107): Parameter containing: [torch.float32 of size 256 (cuda:0)]
      (108): Parameter containing: [torch.float32 of size 256 (cuda:0)]
      (109): Parameter containing: [torch.float32 of size 256x256x3x3 (cuda:0)]
      (110): Parameter containing: [torch.float32 of size 256 (cuda:0)]
      (111): Parameter containing: [torch.float32 of size 512x256 (cuda:0)]
      (112): Parameter containing: [torch.float32 of size 512 (cuda:0)]
      (113): Parameter containing: [torch.float32 of size 256 (cuda:0)]
      (114): Parameter containing: [torch.float32 of size 256 (cuda:0)]
      (115): Parameter containing: [torch.float32 of size 256x256x3x3 (cuda:0)]
      (116): Parameter containing: [torch.float32 of size 256 (cuda:0)]
      (117): Parameter containing: [torch.float32 of size 256 (cuda:0)]
      (118): Parameter containing: [torch.float32 of size 256 (cuda:0)]
      (119): Parameter containing: [torch.float32 of size 768x256x1 (cuda:0)]
      (120): Parameter containing: [torch.float32 of size 768 (cuda:0)]
      (121): Parameter containing: [torch.float32 of size 256x256x1 (cuda:0)]
      (122): Parameter containing: [torch.float32 of size 256 (cuda:0)]
      (123): Parameter containing: [torch.float32 of size 256 (cuda:0)]
      (124): Parameter containing: [torch.float32 of size 256 (cuda:0)]
      (125): Parameter containing: [torch.float32 of size 256x256x3x3 (cuda:0)]
      (126): Parameter containing: [torch.float32 of size 256 (cuda:0)]
      (127): Parameter containing: [torch.float32 of size 512x256 (cuda:0)]
      (128): Parameter containing: [torch.float32 of size 512 (cuda:0)]
      (129): Parameter containing: [torch.float32 of size 256 (cuda:0)]
      (130): Parameter containing: [torch.float32 of size 256 (cuda:0)]
      (131): Parameter containing: [torch.float32 of size 256x256x3x3 (cuda:0)]
      (132): Parameter containing: [torch.float32 of size 256 (cuda:0)]
      (133): Parameter containing: [torch.float32 of size 256 (cuda:0)]
      (134): Parameter containing: [torch.float32 of size 256 (cuda:0)]
      (135): Parameter containing: [torch.float32 of size 768x256x1 (cuda:0)]
      (136): Parameter containing: [torch.float32 of size 768 (cuda:0)]
      (137): Parameter containing: [torch.float32 of size 256x256x1 (cuda:0)]
      (138): Parameter containing: [torch.float32 of size 256 (cuda:0)]
      (139): Parameter containing: [torch.float32 of size 256 (cuda:0)]
      (140): Parameter containing: [torch.float32 of size 256 (cuda:0)]
      (141): Parameter containing: [torch.float32 of size 256x256x3x3 (cuda:0)]
      (142): Parameter containing: [torch.float32 of size 256 (cuda:0)]
      (143): Parameter containing: [torch.float32 of size 512x256 (cuda:0)]
      (144): Parameter containing: [torch.float32 of size 512 (cuda:0)]
      (145): Parameter containing: [torch.float32 of size 256 (cuda:0)]
      (146): Parameter containing: [torch.float32 of size 256 (cuda:0)]
      (147): Parameter containing: [torch.float32 of size 256x256x3x3 (cuda:0)]
      (148): Parameter containing: [torch.float32 of size 256 (cuda:0)]
      (149): Parameter containing: [torch.float32 of size 256 (cuda:0)]
      (150): Parameter containing: [torch.float32 of size 256 (cuda:0)]
      (151): Parameter containing: [torch.float32 of size 256x256x3x3 (cuda:0)]
      (152): Parameter containing: [torch.float32 of size 256 (cuda:0)]
      (153): Parameter containing: [torch.float32 of size 512x256 (cuda:0)]
      (154): Parameter containing: [torch.float32 of size 512 (cuda:0)]
      (155): Parameter containing: [torch.float32 of size 256 (cuda:0)]
      (156): Parameter containing: [torch.float32 of size 256 (cuda:0)]
      (157): Parameter containing: [torch.float32 of size 256x256x3x3 (cuda:0)]
      (158): Parameter containing: [torch.float32 of size 256 (cuda:0)]
      (159): Parameter containing: [torch.float32 of size 256 (cuda:0)]
      (160): Parameter containing: [torch.float32 of size 256 (cuda:0)]
      (161): Parameter containing: [torch.float32 of size 768x256x1 (cuda:0)]
      (162): Parameter containing: [torch.float32 of size 768 (cuda:0)]
      (163): Parameter containing: [torch.float32 of size 256x256x1 (cuda:0)]
      (164): Parameter containing: [torch.float32 of size 256 (cuda:0)]
      (165): Parameter containing: [torch.float32 of size 256 (cuda:0)]
      (166): Parameter containing: [torch.float32 of size 256 (cuda:0)]
      (167): Parameter containing: [torch.float32 of size 256x256x3x3 (cuda:0)]
      (168): Parameter containing: [torch.float32 of size 256 (cuda:0)]
      (169): Parameter containing: [torch.float32 of size 512x256 (cuda:0)]
      (170): Parameter containing: [torch.float32 of size 512 (cuda:0)]
      (171): Parameter containing: [torch.float32 of size 256 (cuda:0)]
      (172): Parameter containing: [torch.float32 of size 256 (cuda:0)]
      (173): Parameter containing: [torch.float32 of size 256x256x3x3 (cuda:0)]
      (174): Parameter containing: [torch.float32 of size 256 (cuda:0)]
      (175): Parameter containing: [torch.float32 of size 256 (cuda:0)]
      (176): Parameter containing: [torch.float32 of size 256 (cuda:0)]
      (177): Parameter containing: [torch.float32 of size 768x256x1 (cuda:0)]
      (178): Parameter containing: [torch.float32 of size 768 (cuda:0)]
      (179): Parameter containing: [torch.float32 of size 256x256x1 (cuda:0)]
      (180): Parameter containing: [torch.float32 of size 256 (cuda:0)]
      (181): Parameter containing: [torch.float32 of size 256 (cuda:0)]
      (182): Parameter containing: [torch.float32 of size 256 (cuda:0)]
      (183): Parameter containing: [torch.float32 of size 256x256x3x3 (cuda:0)]
      (184): Parameter containing: [torch.float32 of size 256 (cuda:0)]
      (185): Parameter containing: [torch.float32 of size 512x256 (cuda:0)]
      (186): Parameter containing: [torch.float32 of size 512 (cuda:0)]
      (187): Parameter containing: [torch.float32 of size 256 (cuda:0)]
      (188): Parameter containing: [torch.float32 of size 256 (cuda:0)]
      (189): Parameter containing: [torch.float32 of size 256x256x3x3 (cuda:0)]
      (190): Parameter containing: [torch.float32 of size 256 (cuda:0)]
      (191): Parameter containing: [torch.float32 of size 256 (cuda:0)]
      (192): Parameter containing: [torch.float32 of size 256 (cuda:0)]
      (193): Parameter containing: [torch.float32 of size 768x256x1 (cuda:0)]
      (194): Parameter containing: [torch.float32 of size 768 (cuda:0)]
      (195): Parameter containing: [torch.float32 of size 256x256x1 (cuda:0)]
      (196): Parameter containing: [torch.float32 of size 256 (cuda:0)]
      (197): Parameter containing: [torch.float32 of size 256 (cuda:0)]
      (198): Parameter containing: [torch.float32 of size 256 (cuda:0)]
      (199): Parameter containing: [torch.float32 of size 256x256x3x3 (cuda:0)]
      (200): Parameter containing: [torch.float32 of size 256 (cuda:0)]
      (201): Parameter containing: [torch.float32 of size 512x256 (cuda:0)]
      (202): Parameter containing: [torch.float32 of size 512 (cuda:0)]
      (203): Parameter containing: [torch.float32 of size 256 (cuda:0)]
      (204): Parameter containing: [torch.float32 of size 256 (cuda:0)]
      (205): Parameter containing: [torch.float32 of size 256x256x3x3 (cuda:0)]
      (206): Parameter containing: [torch.float32 of size 256 (cuda:0)]
      (207): Parameter containing: [torch.float32 of size 256 (cuda:0)]
      (208): Parameter containing: [torch.float32 of size 256 (cuda:0)]
      (209): Parameter containing: [torch.float32 of size 768x256x1 (cuda:0)]
      (210): Parameter containing: [torch.float32 of size 768 (cuda:0)]
      (211): Parameter containing: [torch.float32 of size 256x256x1 (cuda:0)]
      (212): Parameter containing: [torch.float32 of size 256 (cuda:0)]
      (213): Parameter containing: [torch.float32 of size 256 (cuda:0)]
      (214): Parameter containing: [torch.float32 of size 256 (cuda:0)]
      (215): Parameter containing: [torch.float32 of size 256x256x3x3 (cuda:0)]
      (216): Parameter containing: [torch.float32 of size 256 (cuda:0)]
      (217): Parameter containing: [torch.float32 of size 512x256 (cuda:0)]
      (218): Parameter containing: [torch.float32 of size 512 (cuda:0)]
      (219): Parameter containing: [torch.float32 of size 256 (cuda:0)]
      (220): Parameter containing: [torch.float32 of size 256 (cuda:0)]
      (221): Parameter containing: [torch.float32 of size 256x256x3x3 (cuda:0)]
      (222): Parameter containing: [torch.float32 of size 256 (cuda:0)]
      (223): Parameter containing: [torch.float32 of size 512 (cuda:0)]
      (224): Parameter containing: [torch.float32 of size 512 (cuda:0)]
      (225): Parameter containing: [torch.float32 of size 256x512x3x3 (cuda:0)]
      (226): Parameter containing: [torch.float32 of size 256 (cuda:0)]
      (227): Parameter containing: [torch.float32 of size 512x256 (cuda:0)]
      (228): Parameter containing: [torch.float32 of size 512 (cuda:0)]
      (229): Parameter containing: [torch.float32 of size 256 (cuda:0)]
      (230): Parameter containing: [torch.float32 of size 256 (cuda:0)]
      (231): Parameter containing: [torch.float32 of size 256x256x3x3 (cuda:0)]
      (232): Parameter containing: [torch.float32 of size 256 (cuda:0)]
      (233): Parameter containing: [torch.float32 of size 256x512x1x1 (cuda:0)]
      (234): Parameter containing: [torch.float32 of size 256 (cuda:0)]
      (235): Parameter containing: [torch.float32 of size 256 (cuda:0)]
      (236): Parameter containing: [torch.float32 of size 256 (cuda:0)]
      (237): Parameter containing: [torch.float32 of size 768x256x1 (cuda:0)]
      (238): Parameter containing: [torch.float32 of size 768 (cuda:0)]
      (239): Parameter containing: [torch.float32 of size 256x256x1 (cuda:0)]
      (240): Parameter containing: [torch.float32 of size 256 (cuda:0)]
      (241): Parameter containing: [torch.float32 of size 512 (cuda:0)]
      (242): Parameter containing: [torch.float32 of size 512 (cuda:0)]
      (243): Parameter containing: [torch.float32 of size 256x512x3x3 (cuda:0)]
      (244): Parameter containing: [torch.float32 of size 256 (cuda:0)]
      (245): Parameter containing: [torch.float32 of size 512x256 (cuda:0)]
      (246): Parameter containing: [torch.float32 of size 512 (cuda:0)]
      (247): Parameter containing: [torch.float32 of size 256 (cuda:0)]
      (248): Parameter containing: [torch.float32 of size 256 (cuda:0)]
      (249): Parameter containing: [torch.float32 of size 256x256x3x3 (cuda:0)]
      (250): Parameter containing: [torch.float32 of size 256 (cuda:0)]
      (251): Parameter containing: [torch.float32 of size 256x512x1x1 (cuda:0)]
      (252): Parameter containing: [torch.float32 of size 256 (cuda:0)]
      (253): Parameter containing: [torch.float32 of size 256 (cuda:0)]
      (254): Parameter containing: [torch.float32 of size 256 (cuda:0)]
      (255): Parameter containing: [torch.float32 of size 768x256x1 (cuda:0)]
      (256): Parameter containing: [torch.float32 of size 768 (cuda:0)]
      (257): Parameter containing: [torch.float32 of size 256x256x1 (cuda:0)]
      (258): Parameter containing: [torch.float32 of size 256 (cuda:0)]
      (259): Parameter containing: [torch.float32 of size 512 (cuda:0)]
      (260): Parameter containing: [torch.float32 of size 512 (cuda:0)]
      (261): Parameter containing: [torch.float32 of size 256x512x3x3 (cuda:0)]
      (262): Parameter containing: [torch.float32 of size 256 (cuda:0)]
      (263): Parameter containing: [torch.float32 of size 512x256 (cuda:0)]
      (264): Parameter containing: [torch.float32 of size 512 (cuda:0)]
      (265): Parameter containing: [torch.float32 of size 256 (cuda:0)]
      (266): Parameter containing: [torch.float32 of size 256 (cuda:0)]
      (267): Parameter containing: [torch.float32 of size 256x256x3x3 (cuda:0)]
      (268): Parameter containing: [torch.float32 of size 256 (cuda:0)]
      (269): Parameter containing: [torch.float32 of size 256x512x1x1 (cuda:0)]
      (270): Parameter containing: [torch.float32 of size 256 (cuda:0)]
      (271): Parameter containing: [torch.float32 of size 256 (cuda:0)]
      (272): Parameter containing: [torch.float32 of size 256 (cuda:0)]
      (273): Parameter containing: [torch.float32 of size 768x256x1 (cuda:0)]
      (274): Parameter containing: [torch.float32 of size 768 (cuda:0)]
      (275): Parameter containing: [torch.float32 of size 256x256x1 (cuda:0)]
      (276): Parameter containing: [torch.float32 of size 256 (cuda:0)]
      (277): Parameter containing: [torch.float32 of size 512 (cuda:0)]
      (278): Parameter containing: [torch.float32 of size 512 (cuda:0)]
      (279): Parameter containing: [torch.float32 of size 256x512x3x3 (cuda:0)]
      (280): Parameter containing: [torch.float32 of size 256 (cuda:0)]
      (281): Parameter containing: [torch.float32 of size 512x256 (cuda:0)]
      (282): Parameter containing: [torch.float32 of size 512 (cuda:0)]
      (283): Parameter containing: [torch.float32 of size 256 (cuda:0)]
      (284): Parameter containing: [torch.float32 of size 256 (cuda:0)]
      (285): Parameter containing: [torch.float32 of size 256x256x3x3 (cuda:0)]
      (286): Parameter containing: [torch.float32 of size 256 (cuda:0)]
      (287): Parameter containing: [torch.float32 of size 256x512x1x1 (cuda:0)]
      (288): Parameter containing: [torch.float32 of size 256 (cuda:0)]
      (289): Parameter containing: [torch.float32 of size 256 (cuda:0)]
      (290): Parameter containing: [torch.float32 of size 256 (cuda:0)]
      (291): Parameter containing: [torch.float32 of size 768x256x1 (cuda:0)]
      (292): Parameter containing: [torch.float32 of size 768 (cuda:0)]
      (293): Parameter containing: [torch.float32 of size 256x256x1 (cuda:0)]
      (294): Parameter containing: [torch.float32 of size 256 (cuda:0)]
      (295): Parameter containing: [torch.float32 of size 256 (cuda:0)]
      (296): Parameter containing: [torch.float32 of size 256 (cuda:0)]
      (297): Parameter containing: [torch.float32 of size 256x256x3x3 (cuda:0)]
      (298): Parameter containing: [torch.float32 of size 256 (cuda:0)]
      (299): Parameter containing: [torch.float32 of size 512x256 (cuda:0)]
      (300): Parameter containing: [torch.float32 of size 512 (cuda:0)]
      (301): Parameter containing: [torch.float32 of size 256 (cuda:0)]
      (302): Parameter containing: [torch.float32 of size 256 (cuda:0)]
      (303): Parameter containing: [torch.float32 of size 256x256x3x3 (cuda:0)]
      (304): Parameter containing: [torch.float32 of size 256 (cuda:0)]
      (305): Parameter containing: [torch.float32 of size 512 (cuda:0)]
      (306): Parameter containing: [torch.float32 of size 512 (cuda:0)]
      (307): Parameter containing: [torch.float32 of size 256x512x3x3 (cuda:0)]
      (308): Parameter containing: [torch.float32 of size 256 (cuda:0)]
      (309): Parameter containing: [torch.float32 of size 512x256 (cuda:0)]
      (310): Parameter containing: [torch.float32 of size 512 (cuda:0)]
      (311): Parameter containing: [torch.float32 of size 256 (cuda:0)]
      (312): Parameter containing: [torch.float32 of size 256 (cuda:0)]
      (313): Parameter containing: [torch.float32 of size 256x256x3x3 (cuda:0)]
      (314): Parameter containing: [torch.float32 of size 256 (cuda:0)]
      (315): Parameter containing: [torch.float32 of size 256x512x1x1 (cuda:0)]
      (316): Parameter containing: [torch.float32 of size 256 (cuda:0)]
      (317): Parameter containing: [torch.float32 of size 256 (cuda:0)]
      (318): Parameter containing: [torch.float32 of size 256 (cuda:0)]
      (319): Parameter containing: [torch.float32 of size 768x256x1 (cuda:0)]
      (320): Parameter containing: [torch.float32 of size 768 (cuda:0)]
      (321): Parameter containing: [torch.float32 of size 256x256x1 (cuda:0)]
      (322): Parameter containing: [torch.float32 of size 256 (cuda:0)]
      (323): Parameter containing: [torch.float32 of size 512 (cuda:0)]
      (324): Parameter containing: [torch.float32 of size 512 (cuda:0)]
      (325): Parameter containing: [torch.float32 of size 256x512x3x3 (cuda:0)]
      (326): Parameter containing: [torch.float32 of size 256 (cuda:0)]
      (327): Parameter containing: [torch.float32 of size 512x256 (cuda:0)]
      (328): Parameter containing: [torch.float32 of size 512 (cuda:0)]
      (329): Parameter containing: [torch.float32 of size 256 (cuda:0)]
      (330): Parameter containing: [torch.float32 of size 256 (cuda:0)]
      (331): Parameter containing: [torch.float32 of size 256x256x3x3 (cuda:0)]
      (332): Parameter containing: [torch.float32 of size 256 (cuda:0)]
      (333): Parameter containing: [torch.float32 of size 256x512x1x1 (cuda:0)]
      (334): Parameter containing: [torch.float32 of size 256 (cuda:0)]
      (335): Parameter containing: [torch.float32 of size 256 (cuda:0)]
      (336): Parameter containing: [torch.float32 of size 256 (cuda:0)]
      (337): Parameter containing: [torch.float32 of size 768x256x1 (cuda:0)]
      (338): Parameter containing: [torch.float32 of size 768 (cuda:0)]
      (339): Parameter containing: [torch.float32 of size 256x256x1 (cuda:0)]
      (340): Parameter containing: [torch.float32 of size 256 (cuda:0)]
      (341): Parameter containing: [torch.float32 of size 512 (cuda:0)]
      (342): Parameter containing: [torch.float32 of size 512 (cuda:0)]
      (343): Parameter containing: [torch.float32 of size 256x512x3x3 (cuda:0)]
      (344): Parameter containing: [torch.float32 of size 256 (cuda:0)]
      (345): Parameter containing: [torch.float32 of size 512x256 (cuda:0)]
      (346): Parameter containing: [torch.float32 of size 512 (cuda:0)]
      (347): Parameter containing: [torch.float32 of size 256 (cuda:0)]
      (348): Parameter containing: [torch.float32 of size 256 (cuda:0)]
      (349): Parameter containing: [torch.float32 of size 256x256x3x3 (cuda:0)]
      (350): Parameter containing: [torch.float32 of size 256 (cuda:0)]
      (351): Parameter containing: [torch.float32 of size 256x512x1x1 (cuda:0)]
      (352): Parameter containing: [torch.float32 of size 256 (cuda:0)]
      (353): Parameter containing: [torch.float32 of size 256 (cuda:0)]
      (354): Parameter containing: [torch.float32 of size 256 (cuda:0)]
      (355): Parameter containing: [torch.float32 of size 768x256x1 (cuda:0)]
      (356): Parameter containing: [torch.float32 of size 768 (cuda:0)]
      (357): Parameter containing: [torch.float32 of size 256x256x1 (cuda:0)]
      (358): Parameter containing: [torch.float32 of size 256 (cuda:0)]
      (359): Parameter containing: [torch.float32 of size 384 (cuda:0)]
      (360): Parameter containing: [torch.float32 of size 384 (cuda:0)]
      (361): Parameter containing: [torch.float32 of size 256x384x3x3 (cuda:0)]
      (362): Parameter containing: [torch.float32 of size 256 (cuda:0)]
      (363): Parameter containing: [torch.float32 of size 512x256 (cuda:0)]
      (364): Parameter containing: [torch.float32 of size 512 (cuda:0)]
      (365): Parameter containing: [torch.float32 of size 256 (cuda:0)]
      (366): Parameter containing: [torch.float32 of size 256 (cuda:0)]
      (367): Parameter containing: [torch.float32 of size 256x256x3x3 (cuda:0)]
      (368): Parameter containing: [torch.float32 of size 256 (cuda:0)]
      (369): Parameter containing: [torch.float32 of size 256x384x1x1 (cuda:0)]
      (370): Parameter containing: [torch.float32 of size 256 (cuda:0)]
      (371): Parameter containing: [torch.float32 of size 256 (cuda:0)]
      (372): Parameter containing: [torch.float32 of size 256 (cuda:0)]
      (373): Parameter containing: [torch.float32 of size 768x256x1 (cuda:0)]
      (374): Parameter containing: [torch.float32 of size 768 (cuda:0)]
      (375): Parameter containing: [torch.float32 of size 256x256x1 (cuda:0)]
      (376): Parameter containing: [torch.float32 of size 256 (cuda:0)]
      (377): Parameter containing: [torch.float32 of size 256 (cuda:0)]
      (378): Parameter containing: [torch.float32 of size 256 (cuda:0)]
      (379): Parameter containing: [torch.float32 of size 256x256x3x3 (cuda:0)]
      (380): Parameter containing: [torch.float32 of size 256 (cuda:0)]
      (381): Parameter containing: [torch.float32 of size 512x256 (cuda:0)]
      (382): Parameter containing: [torch.float32 of size 512 (cuda:0)]
      (383): Parameter containing: [torch.float32 of size 256 (cuda:0)]
      (384): Parameter containing: [torch.float32 of size 256 (cuda:0)]
      (385): Parameter containing: [torch.float32 of size 256x256x3x3 (cuda:0)]
      (386): Parameter containing: [torch.float32 of size 256 (cuda:0)]
      (387): Parameter containing: [torch.float32 of size 384 (cuda:0)]
      (388): Parameter containing: [torch.float32 of size 384 (cuda:0)]
      (389): Parameter containing: [torch.float32 of size 128x384x3x3 (cuda:0)]
      (390): Parameter containing: [torch.float32 of size 128 (cuda:0)]
      (391): Parameter containing: [torch.float32 of size 256x256 (cuda:0)]
      (392): Parameter containing: [torch.float32 of size 256 (cuda:0)]
      (393): Parameter containing: [torch.float32 of size 128 (cuda:0)]
      (394): Parameter containing: [torch.float32 of size 128 (cuda:0)]
      (395): Parameter containing: [torch.float32 of size 128x128x3x3 (cuda:0)]
      (396): Parameter containing: [torch.float32 of size 128 (cuda:0)]
      (397): Parameter containing: [torch.float32 of size 128x384x1x1 (cuda:0)]
      (398): Parameter containing: [torch.float32 of size 128 (cuda:0)]
      (399): Parameter containing: [torch.float32 of size 256 (cuda:0)]
      (400): Parameter containing: [torch.float32 of size 256 (cuda:0)]
      (401): Parameter containing: [torch.float32 of size 128x256x3x3 (cuda:0)]
      (402): Parameter containing: [torch.float32 of size 128 (cuda:0)]
      (403): Parameter containing: [torch.float32 of size 256x256 (cuda:0)]
      (404): Parameter containing: [torch.float32 of size 256 (cuda:0)]
      (405): Parameter containing: [torch.float32 of size 128 (cuda:0)]
      (406): Parameter containing: [torch.float32 of size 128 (cuda:0)]
      (407): Parameter containing: [torch.float32 of size 128x128x3x3 (cuda:0)]
      (408): Parameter containing: [torch.float32 of size 128 (cuda:0)]
      (409): Parameter containing: [torch.float32 of size 128x256x1x1 (cuda:0)]
      (410): Parameter containing: [torch.float32 of size 128 (cuda:0)]
      (411): Parameter containing: [torch.float32 of size 256 (cuda:0)]
      (412): Parameter containing: [torch.float32 of size 256 (cuda:0)]
      (413): Parameter containing: [torch.float32 of size 128x256x3x3 (cuda:0)]
      (414): Parameter containing: [torch.float32 of size 128 (cuda:0)]
      (415): Parameter containing: [torch.float32 of size 256x256 (cuda:0)]
      (416): Parameter containing: [torch.float32 of size 256 (cuda:0)]
      (417): Parameter containing: [torch.float32 of size 128 (cuda:0)]
      (418): Parameter containing: [torch.float32 of size 128 (cuda:0)]
      (419): Parameter containing: [torch.float32 of size 128x128x3x3 (cuda:0)]
      (420): Parameter containing: [torch.float32 of size 128 (cuda:0)]
      (421): Parameter containing: [torch.float32 of size 128x256x1x1 (cuda:0)]
      (422): Parameter containing: [torch.float32 of size 128 (cuda:0)]
      (423): Parameter containing: [torch.float32 of size 192 (cuda:0)]
      (424): Parameter containing: [torch.float32 of size 192 (cuda:0)]
      (425): Parameter containing: [torch.float32 of size 128x192x3x3 (cuda:0)]
      (426): Parameter containing: [torch.float32 of size 128 (cuda:0)]
      (427): Parameter containing: [torch.float32 of size 256x256 (cuda:0)]
      (428): Parameter containing: [torch.float32 of size 256 (cuda:0)]
      (429): Parameter containing: [torch.float32 of size 128 (cuda:0)]
      (430): Parameter containing: [torch.float32 of size 128 (cuda:0)]
      (431): Parameter containing: [torch.float32 of size 128x128x3x3 (cuda:0)]
      (432): Parameter containing: [torch.float32 of size 128 (cuda:0)]
      (433): Parameter containing: [torch.float32 of size 128x192x1x1 (cuda:0)]
      (434): Parameter containing: [torch.float32 of size 128 (cuda:0)]
      (435): Parameter containing: [torch.float32 of size 128 (cuda:0)]
      (436): Parameter containing: [torch.float32 of size 128 (cuda:0)]
      (437): Parameter containing: [torch.float32 of size 128x128x3x3 (cuda:0)]
      (438): Parameter containing: [torch.float32 of size 128 (cuda:0)]
      (439): Parameter containing: [torch.float32 of size 256x256 (cuda:0)]
      (440): Parameter containing: [torch.float32 of size 256 (cuda:0)]
      (441): Parameter containing: [torch.float32 of size 128 (cuda:0)]
      (442): Parameter containing: [torch.float32 of size 128 (cuda:0)]
      (443): Parameter containing: [torch.float32 of size 128x128x3x3 (cuda:0)]
      (444): Parameter containing: [torch.float32 of size 128 (cuda:0)]
      (445): Parameter containing: [torch.float32 of size 192 (cuda:0)]
      (446): Parameter containing: [torch.float32 of size 192 (cuda:0)]
      (447): Parameter containing: [torch.float32 of size 64x192x3x3 (cuda:0)]
      (448): Parameter containing: [torch.float32 of size 64 (cuda:0)]
      (449): Parameter containing: [torch.float32 of size 128x256 (cuda:0)]
      (450): Parameter containing: [torch.float32 of size 128 (cuda:0)]
      (451): Parameter containing: [torch.float32 of size 64 (cuda:0)]
      (452): Parameter containing: [torch.float32 of size 64 (cuda:0)]
      (453): Parameter containing: [torch.float32 of size 64x64x3x3 (cuda:0)]
      (454): Parameter containing: [torch.float32 of size 64 (cuda:0)]
      (455): Parameter containing: [torch.float32 of size 64x192x1x1 (cuda:0)]
      (456): Parameter containing: [torch.float32 of size 64 (cuda:0)]
      (457): Parameter containing: [torch.float32 of size 128 (cuda:0)]
      (458): Parameter containing: [torch.float32 of size 128 (cuda:0)]
      (459): Parameter containing: [torch.float32 of size 64x128x3x3 (cuda:0)]
      (460): Parameter containing: [torch.float32 of size 64 (cuda:0)]
      (461): Parameter containing: [torch.float32 of size 128x256 (cuda:0)]
      (462): Parameter containing: [torch.float32 of size 128 (cuda:0)]
      (463): Parameter containing: [torch.float32 of size 64 (cuda:0)]
      (464): Parameter containing: [torch.float32 of size 64 (cuda:0)]
      (465): Parameter containing: [torch.float32 of size 64x64x3x3 (cuda:0)]
      (466): Parameter containing: [torch.float32 of size 64 (cuda:0)]
      (467): Parameter containing: [torch.float32 of size 64x128x1x1 (cuda:0)]
      (468): Parameter containing: [torch.float32 of size 64 (cuda:0)]
      (469): Parameter containing: [torch.float32 of size 128 (cuda:0)]
      (470): Parameter containing: [torch.float32 of size 128 (cuda:0)]
      (471): Parameter containing: [torch.float32 of size 64x128x3x3 (cuda:0)]
      (472): Parameter containing: [torch.float32 of size 64 (cuda:0)]
      (473): Parameter containing: [torch.float32 of size 128x256 (cuda:0)]
      (474): Parameter containing: [torch.float32 of size 128 (cuda:0)]
      (475): Parameter containing: [torch.float32 of size 64 (cuda:0)]
      (476): Parameter containing: [torch.float32 of size 64 (cuda:0)]
      (477): Parameter containing: [torch.float32 of size 64x64x3x3 (cuda:0)]
      (478): Parameter containing: [torch.float32 of size 64 (cuda:0)]
      (479): Parameter containing: [torch.float32 of size 64x128x1x1 (cuda:0)]
      (480): Parameter containing: [torch.float32 of size 64 (cuda:0)]
      (481): Parameter containing: [torch.float32 of size 128 (cuda:0)]
      (482): Parameter containing: [torch.float32 of size 128 (cuda:0)]
      (483): Parameter containing: [torch.float32 of size 64x128x3x3 (cuda:0)]
      (484): Parameter containing: [torch.float32 of size 64 (cuda:0)]
      (485): Parameter containing: [torch.float32 of size 128x256 (cuda:0)]
      (486): Parameter containing: [torch.float32 of size 128 (cuda:0)]
      (487): Parameter containing: [torch.float32 of size 64 (cuda:0)]
      (488): Parameter containing: [torch.float32 of size 64 (cuda:0)]
      (489): Parameter containing: [torch.float32 of size 64x64x3x3 (cuda:0)]
      (490): Parameter containing: [torch.float32 of size 64 (cuda:0)]
      (491): Parameter containing: [torch.float32 of size 64x128x1x1 (cuda:0)]
      (492): Parameter containing: [torch.float32 of size 64 (cuda:0)]
      (493): Parameter containing: [torch.float32 of size 64 (cuda:0)]
      (494): Parameter containing: [torch.float32 of size 64 (cuda:0)]
      (495): Parameter containing: [torch.float32 of size 4x64x3x3 (cuda:0)]
      (496): Parameter containing: [torch.float32 of size 4 (cuda:0)]
  )
)
2026-04-30 10:25:52 INFO     Learning rate: 1.00e-04
2026-04-30 10:25:52 INFO     Accumulate grad iterations: 8
2026-04-30 10:25:52 INFO     Effective batch size: 32
2026-04-30 10:25:52 INFO     Using CosineAnnealingLR: T_max=50, eta_min=1e-06
2026-04-30 10:25:52 INFO     Optimizer: AdamW (
Parameter Group 0
    amsgrad: False
    betas: [0.9, 0.95]
    capturable: False
    differentiable: False
    eps: 1e-08
    foreach: None
    fused: None
    initial_lr: 0.0001
    lr: 0.0001
    maximize: False
    weight_decay: 0.01
)
2026-04-30 10:25:52 INFO     Learning-Rate Schedule: <torch.optim.lr_scheduler.CosineAnnealingLR object at 0x7f2307288520>
2026-04-30 10:25:52 INFO     Start from 0 to 50 epochs
/mnt/apple/k66/minhdd/flow-matching-main/.venv/lib/python3.10/site-packages/torch/_dynamo/eval_frame.py:745: UserWarning: torch.utils.checkpoint: the use_reentrant parameter should be passed explicitly. In version 2.5 we will raise an exception if use_reentrant is not passed. use_reentrant=False is recommended, but if you need to preserve the current default behavior, you can pass use_reentrant=True. Refer to docs for more details on the differences between the two variants.
  return fn(*args, **kwargs)
2026-04-30 10:25:56 INFO     Epoch 0 [0/12250]: loss = 1.8609851598739624, lr = 0.0001
2026-04-30 10:29:08 INFO     Epoch 0 [50/12250]: loss = 1.6295982599258423, lr = 0.0001
2026-04-30 10:32:33 INFO     Epoch 0 [100/12250]: loss = 1.389557123184204, lr = 0.0001
2026-04-30 10:35:58 INFO     Epoch 0 [150/12250]: loss = 1.2038251161575317, lr = 0.0001
2026-04-30 10:39:22 INFO     Epoch 0 [200/12250]: loss = 1.0745242834091187, lr = 0.0001
2026-04-30 10:42:46 INFO     Epoch 0 [250/12250]: loss = 1.0366480350494385, lr = 0.0001
2026-04-30 10:46:11 INFO     Epoch 0 [300/12250]: loss = 1.0174509286880493, lr = 0.0001
2026-04-30 10:49:34 INFO     Epoch 0 [350/12250]: loss = 1.0159550905227661, lr = 0.0001
2026-04-30 10:52:59 INFO     Epoch 0 [400/12250]: loss = 0.9931446313858032, lr = 0.0001
2026-04-30 10:56:24 INFO     Epoch 0 [450/12250]: loss = 0.9931357502937317, lr = 0.0001
2026-04-30 10:59:49 INFO     Epoch 0 [500/12250]: loss = 0.9745704531669617, lr = 0.0001
2026-04-30 11:03:14 INFO     Epoch 0 [550/12250]: loss = 0.9784649610519409, lr = 0.0001
2026-04-30 11:06:39 INFO     Epoch 0 [600/12250]: loss = 0.9301283359527588, lr = 0.0001
2026-04-30 11:10:05 INFO     Epoch 0 [650/12250]: loss = 0.9293901324272156, lr = 0.0001
2026-04-30 11:13:31 INFO     Epoch 0 [700/12250]: loss = 0.9140877723693848, lr = 0.0001
2026-04-30 11:16:57 INFO     Epoch 0 [750/12250]: loss = 0.8982784152030945, lr = 0.0001
2026-04-30 11:20:22 INFO     Epoch 0 [800/12250]: loss = 0.8632951974868774, lr = 0.0001
